Arguments: 
  /usr/local/Cellar/node@8/8.10.0/bin/node /usr/local/bin/yarn start

PATH: 
  /Users/peter/.opam/4.02.3/bin:/Users/peter/.rvm/gems/ruby-2.3.1/bin:/Users/peter/.rvm/gems/ruby-2.3.1@global/bin:/Users/peter/.rvm/rubies/ruby-2.3.1/bin:/usr/local/bin:/usr/local/sbin:/usr/local/git/bin:/Users/peter/bin:/usr/local/share/npm/bin:/usr/local/bin:/usr/bin:/bin:/usr/sbin:/sbin:/Library/TeX/texbin:/usr/local/MacGPG2/bin:/usr/local/share/dotnet:/opt/X11/bin:/Library/Frameworks/Mono.framework/Versions/Current/Commands:/Users/peter/.rvm/bin:/bin:/Users/peter/go/bin

Yarn version: 
  1.5.1

Node version: 
  8.10.0

Platform: 
  darwin x64

npm manifest: 
  No manifest

yarn manifest: 
  No manifest

Lockfile: 
  No lockfile

Trace: 
  Error: Couldn't find a package.json file in "/Users/peter/src/golang-intro-aften/server/src/gossip"
      at new MessageError (/usr/local/lib/node_modules/yarn/lib/cli.js:186:110)
      at /usr/local/lib/node_modules/yarn/lib/cli.js:40048:15
      at Generator.next (<anonymous>)
      at step (/usr/local/lib/node_modules/yarn/lib/cli.js:98:30)
      at /usr/local/lib/node_modules/yarn/lib/cli.js:109:13
      at <anonymous>
